<?xml version="1.0" encoding="UTF-8"?>
<testsuite xmlns:xsi="http://www.w3.org/2001/XMLSchema-instance" xsi:noNamespaceSchemaLocation="https://maven.apache.org/surefire/maven-surefire-plugin/xsd/surefire-test-report.xsd" name="org.example.AppTest" time="0.016" tests="1" errors="0" skipped="0" failures="0">
  <properties>
    <property name="sun.desktop" value="windows"/>
    <property name="awt.toolkit" value="sun.awt.windows.WToolkit"/>
    <property name="file.encoding.pkg" value="sun.io"/>
    <property name="java.specification.version" value="1.8"/>
    <property name="sun.cpu.isalist" value="amd64"/>
    <property name="sun.jnu.encoding" value="Cp1252"/>
    <property name="java.class.path" value="C:\DLTE-FULLSTACKDEVELOPMENT-MANVITH\DLTE-LiveSession\DLTE-Live1\target\test-classes;C:\DLTE-FULLSTACKDEVELOPMENT-MANVITH\DLTE-LiveSession\DLTE-Live1\target\classes;C:\Users\shettman\.m2\repository\junit\junit\4.11\junit-4.11.jar;C:\Users\shettman\.m2\repository\org\hamcrest\hamcrest-core\1.3\hamcrest-core-1.3.jar;C:\Users\shettman\.m2\repository\javax\servlet\jsp\jsp-api\2.2.1-b03\jsp-api-2.2.1-b03.jar;C:\Users\shettman\.m2\repository\javax\servlet\javax.servlet-api\3.1.0\javax.servlet-api-3.1.0.jar;C:\Users\shettman\.m2\repository\com\oracle\database\jdbc\ojdbc6\11.2.0.4\ojdbc6-11.2.0.4.jar;C:\Users\shettman\.m2\repository\com\oracle\database\jdbc\ucp\11.2.0.4\ucp-11.2.0.4.jar;C:\Users\shettman\.m2\repository\com\oracle\database\security\oraclepki\11.2.0.4\oraclepki-11.2.0.4.jar;C:\Users\shettman\.m2\repository\com\oracle\database\security\osdt_cert\11.2.0.4\osdt_cert-11.2.0.4.jar;C:\Users\shettman\.m2\repository\com\oracle\database\security\osdt_core\11.2.0.4\osdt_core-11.2.0.4.jar;C:\Users\shettman\.m2\repository\com\oracle\database\ha\simplefan\11.2.0.4\simplefan-11.2.0.4.jar;C:\Users\shettman\.m2\repository\com\oracle\database\ha\ons\11.2.0.4\ons-11.2.0.4.jar;C:\Users\shettman\.m2\repository\org\projectlombok\lombok\1.12.2\lombok-1.12.2.jar;"/>
    <property name="java.vm.vendor" value="Red Hat, Inc."/>
    <property name="sun.arch.data.model" value="64"/>
    <property name="user.variant" value=""/>
    <property name="java.vendor.url" value="https://developers.redhat.com/"/>
    <property name="user.timezone" value="Asia/Calcutta"/>
    <property name="java.vm.specification.version" value="1.8"/>
    <property name="os.name" value="Windows 10"/>
    <property name="user.country" value="US"/>
    <property name="sun.java.launcher" value="SUN_STANDARD"/>
    <property name="sun.boot.library.path" value="C:\Java\java8\jre\bin"/>
    <property name="sun.java.command" value="C:\Users\shettman\AppData\Local\Temp\surefire3239466416846970845\surefirebooter1632726819839967515.jar C:\Users\shettman\AppData\Local\Temp\surefire3239466416846970845 2023-03-28T22-46-33_974-jvmRun1 surefire5608742063969891075tmp surefire_04186093501263773904tmp"/>
    <property name="surefire.test.class.path" value="C:\DLTE-FULLSTACKDEVELOPMENT-MANVITH\DLTE-LiveSession\DLTE-Live1\target\test-classes;C:\DLTE-FULLSTACKDEVELOPMENT-MANVITH\DLTE-LiveSession\DLTE-Live1\target\classes;C:\Users\shettman\.m2\repository\junit\junit\4.11\junit-4.11.jar;C:\Users\shettman\.m2\repository\org\hamcrest\hamcrest-core\1.3\hamcrest-core-1.3.jar;C:\Users\shettman\.m2\repository\javax\servlet\jsp\jsp-api\2.2.1-b03\jsp-api-2.2.1-b03.jar;C:\Users\shettman\.m2\repository\javax\servlet\javax.servlet-api\3.1.0\javax.servlet-api-3.1.0.jar;C:\Users\shettman\.m2\repository\com\oracle\database\jdbc\ojdbc6\11.2.0.4\ojdbc6-11.2.0.4.jar;C:\Users\shettman\.m2\repository\com\oracle\database\jdbc\ucp\11.2.0.4\ucp-11.2.0.4.jar;C:\Users\shettman\.m2\repository\com\oracle\database\security\oraclepki\11.2.0.4\oraclepki-11.2.0.4.jar;C:\Users\shettman\.m2\repository\com\oracle\database\security\osdt_cert\11.2.0.4\osdt_cert-11.2.0.4.jar;C:\Users\shettman\.m2\repository\com\oracle\database\security\osdt_core\11.2.0.4\osdt_core-11.2.0.4.jar;C:\Users\shettman\.m2\repository\com\oracle\database\ha\simplefan\11.2.0.4\simplefan-11.2.0.4.jar;C:\Users\shettman\.m2\repository\com\oracle\database\ha\ons\11.2.0.4\ons-11.2.0.4.jar;C:\Users\shettman\.m2\repository\org\projectlombok\lombok\1.12.2\lombok-1.12.2.jar;"/>
    <property name="sun.cpu.endian" value="little"/>
    <property name="user.home" value="C:\Users\shettman"/>
    <property name="user.language" value="en"/>
    <property name="java.specification.vendor" value="Oracle Corporation"/>
    <property name="java.home" value="C:\Java\java8\jre"/>
    <property name="basedir" value="C:\DLTE-FULLSTACKDEVELOPMENT-MANVITH\DLTE-LiveSession\DLTE-Live1"/>
    <property name="file.separator" value="\"/>
    <property name="line.separator" value="&#10;"/>
    <property name="java.vm.specification.vendor" value="Oracle Corporation"/>
    <property name="java.specification.name" value="Java Platform API Specification"/>
    <property name="java.awt.graphicsenv" value="sun.awt.Win32GraphicsEnvironment"/>
    <property name="surefire.real.class.path" value="C:\Users\shettman\AppData\Local\Temp\surefire3239466416846970845\surefirebooter1632726819839967515.jar"/>
    <property name="sun.boot.class.path" value="C:\Java\java8\jre\lib\resources.jar;C:\Java\java8\jre\lib\rt.jar;C:\Java\java8\jre\lib\sunrsasign.jar;C:\Java\java8\jre\lib\jsse.jar;C:\Java\java8\jre\lib\jce.jar;C:\Java\java8\jre\lib\charsets.jar;C:\Java\java8\jre\lib\jfr.jar;C:\Java\java8\jre\classes"/>
    <property name="user.script" value=""/>
    <property name="sun.management.compiler" value="HotSpot 64-Bit Tiered Compilers"/>
    <property name="java.runtime.version" value="1.8.0_292-b10"/>
    <property name="user.name" value="xxshetum"/>
    <property name="path.separator" value=";"/>
    <property name="os.version" value="10.0"/>
    <property name="java.endorsed.dirs" value="C:\Java\java8\jre\lib\endorsed"/>
    <property name="java.runtime.name" value="OpenJDK Runtime Environment"/>
    <property name="file.encoding" value="Cp1252"/>
    <property name="java.vm.name" value="OpenJDK 64-Bit Server VM"/>
    <property name="localRepository" value="C:\Users\shettman\.m2\repository"/>
    <property name="java.vendor.url.bug" value="https://bugzilla.redhat.com/enter_bug.cgi"/>
    <property name="java.io.tmpdir" value="C:\Users\shettman\AppData\Local\Temp\"/>
    <property name="java.version" value="1.8.0_292"/>
    <property name="user.dir" value="C:\DLTE-FULLSTACKDEVELOPMENT-MANVITH\DLTE-LiveSession\DLTE-Live1"/>
    <property name="os.arch" value="amd64"/>
    <property name="java.vm.specification.name" value="Java Virtual Machine Specification"/>
    <property name="java.awt.printerjob" value="sun.awt.windows.WPrinterJob"/>
    <property name="sun.os.patch.level" value=""/>
    <property name="java.library.path" value="C:\Java\java8\jre\bin;C:\Windows\Sun\Java\bin;C:\Windows\system32;C:\Windows;C:\oraclexe\app\oracle\product\11.2.0\server\bin;C:\Windows\system32;C:\Windows;C:\Windows\System32\Wbem;C:\Windows\System32\WindowsPowerShell\v1.0\;C:\Windows\System32\OpenSSH\;%JAVA_HOME%\bin;C:\Java\java8\bin;C:\Java\java8\jre\bin;C:\Program Files\Git\cmd;C:\Users\shettman\Downloads\apache-activemq-5.16.6-bin\apache-activemq-5.16.6\bin;C:\apache-maven-3.9.1\bin;C:\Users\shettman\AppData\Local\Microsoft\WindowsApps;;C:\Users\shettman\AppData\Local\Programs\Microsoft VS Code\bin;."/>
    <property name="java.vm.info" value="mixed mode"/>
    <property name="java.vendor" value="Red Hat, Inc."/>
    <property name="java.vm.version" value="25.292-b10"/>
    <property name="java.ext.dirs" value="C:\Java\java8\jre\lib\ext;C:\Windows\Sun\Java\lib\ext"/>
    <property name="sun.io.unicode.encoding" value="UnicodeLittle"/>
    <property name="java.class.version" value="52.0"/>
  </properties>
  <testcase name="shouldAnswerWithTrue" classname="org.example.AppTest" time="0"/>
</testsuite>